# JRE version: Java(TM) SE Runtime Environment (8.0_131-b11) (build 1.8.0_131-b11)
# Java VM: Java HotSpot(TM) 64-Bit Server VM (25.131-b11 mixed mode windows-amd64 compressed oops)
Heap:
 PSYoungGen      total 89600K, used 16863K [0x00000000e0700000, 0x00000000e6980000, 0x0000000100000000)
  eden space 80896K, 13% used [0x00000000e0700000,0x00000000e11fd998,0x00000000e5600000)
  from space 8704K, 64% used [0x00000000e6100000,0x00000000e667a538,0x00000000e6980000)
  to   space 9728K, 0% used [0x00000000e5680000,0x00000000e5680000,0x00000000e6000000)
 ParOldGen       total 64512K, used 15472K [0x00000000a1400000, 0x00000000a5300000, 0x00000000e0700000)
  object space 64512K, 23% used [0x00000000a1400000,0x00000000a231c3b8,0x00000000a5300000)
 Metaspace       used 38983K, capacity 40604K, committed 40664K, reserved 1085440K
  class space    used 5020K, capacity 5332K, committed 5336K, reserved 1048576K
GC Heap History (10 events):
Event: 3.386 GC heap before
{Heap before GC invocations=6 (full 1):
 PSYoungGen      total 53248K, used 49152K [0x00000000e0700000, 0x00000000e3f00000, 0x0000000100000000)
  eden space 49152K, 100% used [0x00000000e0700000,0x00000000e3700000,0x00000000e3700000)
  from space 4096K, 0% used [0x00000000e3b00000,0x00000000e3b00000,0x00000000e3f00000)
  to   space 4096K, 0% used [0x00000000e3700000,0x00000000e3700000,0x00000000e3b00000)
 ParOldGen       total 44544K, used 7893K [0x00000000a1400000, 0x00000000a3f80000, 0x00000000e0700000)
  object space 44544K, 17% used [0x00000000a1400000,0x00000000a1bb5468,0x00000000a3f80000)
 Metaspace       used 24838K, capacity 25576K, committed 25728K, reserved 1071104K
  class space    used 3219K, capacity 3426K, committed 3456K, reserved 1048576K
Event: 3.417 GC heap after
Heap after GC invocations=6 (full 1):
 PSYoungGen      total 53248K, used 4073K [0x00000000e0700000, 0x00000000e6980000, 0x0000000100000000)
  eden space 49152K, 0% used [0x00000000e0700000,0x00000000e0700000,0x00000000e3700000)
  from space 4096K, 99% used [0x00000000e3700000,0x00000000e3afa488,0x00000000e3b00000)
  to   space 8704K, 0% used [0x00000000e6100000,0x00000000e6100000,0x00000000e6980000)
 ParOldGen       total 44544K, used 10532K [0x00000000a1400000, 0x00000000a3f80000, 0x00000000e0700000)
  object space 44544K, 23% used [0x00000000a1400000,0x00000000a1e49158,0x00000000a3f80000)
 Metaspace       used 24838K, capacity 25576K, committed 25728K, reserved 1071104K
  class space    used 3219K, capacity 3426K, committed 3456K, reserved 1048576K
}
Event: 5.604 GC heap before
{Heap before GC invocations=7 (full 1):
 PSYoungGen      total 53248K, used 53225K [0x00000000e0700000, 0x00000000e6980000, 0x0000000100000000)
  eden space 49152K, 100% used [0x00000000e0700000,0x00000000e3700000,0x00000000e3700000)
  from space 4096K, 99% used [0x00000000e3700000,0x00000000e3afa488,0x00000000e3b00000)
  to   space 8704K, 0% used [0x00000000e6100000,0x00000000e6100000,0x00000000e6980000)
 ParOldGen       total 44544K, used 10532K [0x00000000a1400000, 0x00000000a3f80000, 0x00000000e0700000)
  object space 44544K, 23% used [0x00000000a1400000,0x00000000a1e49158,0x00000000a3f80000)
 Metaspace       used 29476K, capacity 30358K, committed 30464K, reserved 1075200K
  class space    used 3816K, capacity 4037K, committed 4096K, reserved 1048576K
Event: 5.618 GC heap after
Heap after GC invocations=7 (full 1):
 PSYoungGen      total 89600K, used 8662K [0x00000000e0700000, 0x00000000e6980000, 0x0000000100000000)
  eden space 80896K, 0% used [0x00000000e0700000,0x00000000e0700000,0x00000000e5600000)
  from space 8704K, 99% used [0x00000000e6100000,0x00000000e6975850,0x00000000e6980000)
  to   space 9728K, 0% used [0x00000000e5680000,0x00000000e5680000,0x00000000e6000000)
 ParOldGen       total 44544K, used 10540K [0x00000000a1400000, 0x00000000a3f80000, 0x00000000e0700000)
  object space 44544K, 23% used [0x00000000a1400000,0x00000000a1e4b158,0x00000000a3f80000)
 Metaspace       used 29476K, capacity 30358K, committed 30464K, reserved 1075200K
  class space    used 3816K, capacity 4037K, committed 4096K, reserved 1048576K
}
Event: 6.660 GC heap before
{Heap before GC invocations=8 (full 1):
 PSYoungGen      total 89600K, used 52377K [0x00000000e0700000, 0x00000000e6980000, 0x0000000100000000)
  eden space 80896K, 54% used [0x00000000e0700000,0x00000000e31b0f90,0x00000000e5600000)
  from space 8704K, 99% used [0x00000000e6100000,0x00000000e6975850,0x00000000e6980000)
  to   space 9728K, 0% used [0x00000000e5680000,0x00000000e5680000,0x00000000e6000000)
 ParOldGen       total 44544K, used 10540K [0x00000000a1400000, 0x00000000a3f80000, 0x00000000e0700000)
  object space 44544K, 23% used [0x00000000a1400000,0x00000000a1e4b158,0x00000000a3f80000)
 Metaspace       used 33998K, capacity 35284K, committed 35416K, reserved 1079296K
  class space    used 4365K, capacity 4628K, committed 4696K, reserved 1048576K
Event: 6.675 GC heap after
Heap after GC invocations=8 (full 1):
 PSYoungGen      total 90624K, used 9727K [0x00000000e0700000, 0x00000000e6980000, 0x0000000100000000)
  eden space 80896K, 0% used [0x00000000e0700000,0x00000000e0700000,0x00000000e5600000)
  from space 9728K, 99% used [0x00000000e5680000,0x00000000e5fffec8,0x00000000e6000000)
  to   space 8704K, 0% used [0x00000000e6100000,0x00000000e6100000,0x00000000e6980000)
 ParOldGen       total 44544K, used 11995K [0x00000000a1400000, 0x00000000a3f80000, 0x00000000e0700000)
  object space 44544K, 26% used [0x00000000a1400000,0x00000000a1fb6ea0,0x00000000a3f80000)
 Metaspace       used 33998K, capacity 35284K, committed 35416K, reserved 1079296K
  class space    used 4365K, capacity 4628K, committed 4696K, reserved 1048576K
}
Event: 6.675 GC heap before
{Heap before GC invocations=9 (full 2):
 PSYoungGen      total 90624K, used 9727K [0x00000000e0700000, 0x00000000e6980000, 0x0000000100000000)
  eden space 80896K, 0% used [0x00000000e0700000,0x00000000e0700000,0x00000000e5600000)
  from space 9728K, 99% used [0x00000000e5680000,0x00000000e5fffec8,0x00000000e6000000)
  to   space 8704K, 0% used [0x00000000e6100000,0x00000000e6100000,0x00000000e6980000)
 ParOldGen       total 44544K, used 11995K [0x00000000a1400000, 0x00000000a3f80000, 0x00000000e0700000)
  object space 44544K, 26% used [0x00000000a1400000,0x00000000a1fb6ea0,0x00000000a3f80000)
 Metaspace       used 33998K, capacity 35284K, committed 35416K, reserved 1079296K
  class space    used 4365K, capacity 4628K, committed 4696K, reserved 1048576K
Event: 6.767 GC heap after
Heap after GC invocations=9 (full 2):
 PSYoungGen      total 90624K, used 0K [0x00000000e0700000, 0x00000000e6980000, 0x0000000100000000)
  eden space 80896K, 0% used [0x00000000e0700000,0x00000000e0700000,0x00000000e5600000)
  from space 9728K, 0% used [0x00000000e5680000,0x00000000e5680000,0x00000000e6000000)
  to   space 8704K, 0% used [0x00000000e6100000,0x00000000e6100000,0x00000000e6980000)
 ParOldGen       total 64512K, used 15464K [0x00000000a1400000, 0x00000000a5300000, 0x00000000e0700000)
  object space 64512K, 23% used [0x00000000a1400000,0x00000000a231a3b8,0x00000000a5300000)
 Metaspace       used 33998K, capacity 35284K, committed 35416K, reserved 1079296K
  class space    used 4365K, capacity 4628K, committed 4696K, reserved 1048576K
}
Event: 8.018 GC heap before
{Heap before GC invocations=10 (full 2):
 PSYoungGen      total 90624K, used 80896K [0x00000000e0700000, 0x00000000e6980000, 0x0000000100000000)
  eden space 80896K, 100% used [0x00000000e0700000,0x00000000e5600000,0x00000000e5600000)
  from space 9728K, 0% used [0x00000000e5680000,0x00000000e5680000,0x00000000e6000000)
  to   space 8704K, 0% used [0x00000000e6100000,0x00000000e6100000,0x00000000e6980000)
 ParOldGen       total 64512K, used 15464K [0x00000000a1400000, 0x00000000a5300000, 0x00000000e0700000)
  object space 64512K, 23% used [0x00000000a1400000,0x00000000a231a3b8,0x00000000a5300000)
 Metaspace       used 38167K, capacity 39656K, committed 39768K, reserved 1083392K
  class space    used 4905K, capacity 5176K, committed 5208K, reserved 1048576K
Event: 8.030 GC heap after
Heap after GC invocations=10 (full 2):
 PSYoungGen      total 89600K, used 5609K [0x00000000e0700000, 0x00000000e6980000, 0x0000000100000000)
  eden space 80896K, 0% used [0x00000000e0700000,0x00000000e0700000,0x00000000e5600000)
  from space 8704K, 64% used [0x00000000e6100000,0x00000000e667a538,0x00000000e6980000)
  to   space 9728K, 0% used [0x00000000e5680000,0x00000000e5680000,0x00000000e6000000)
 ParOldGen       total 64512K, used 15472K [0x00000000a1400000, 0x00000000a5300000, 0x00000000e0700000)
  object space 64512K, 23% used [0x00000000a1400000,0x00000000a231c3b8,0x00000000a5300000)
 Metaspace       used 38167K, capacity 39656K, committed 39768K, reserved 1083392K
  class space    used 4905K, capacity 5176K, committed 5208K, reserved 1048576K
}

