# JRE version: Java(TM) SE Runtime Environment (8.0_131-b11) (build 1.8.0_131-b11)
# Java VM: Java HotSpot(TM) 64-Bit Server VM (25.131-b11 mixed mode windows-amd64 compressed oops)
Heap:
 PSYoungGen      total 130048K, used 59099K [0x00000000e0700000, 0x00000000e9600000, 0x0000000100000000)
  eden space 123392K, 42% used [0x00000000e0700000,0x00000000e3ab0060,0x00000000e7f80000)
  from space 6656K, 92% used [0x00000000e8f80000,0x00000000e9586cc0,0x00000000e9600000)
  to   space 10752K, 0% used [0x00000000e8100000,0x00000000e8100000,0x00000000e8b80000)
 ParOldGen       total 52224K, used 13879K [0x00000000a1400000, 0x00000000a4700000, 0x00000000e0700000)
  object space 52224K, 26% used [0x00000000a1400000,0x00000000a218dd08,0x00000000a4700000)
 Metaspace       used 44235K, capacity 45984K, committed 46168K, reserved 1089536K
  class space    used 5593K, capacity 5926K, committed 5976K, reserved 1048576K
GC Heap History (10 events):
Event: 8.623 GC heap before
{Heap before GC invocations=8 (full 1):
 PSYoungGen      total 53760K, used 50192K [0x00000000e0700000, 0x00000000e4680000, 0x0000000100000000)
  eden space 46592K, 100% used [0x00000000e0700000,0x00000000e3480000,0x00000000e3480000)
  from space 7168K, 50% used [0x00000000e3f80000,0x00000000e4304050,0x00000000e4680000)
  to   space 9216K, 0% used [0x00000000e3480000,0x00000000e3480000,0x00000000e3d80000)
 ParOldGen       total 36864K, used 4901K [0x00000000a1400000, 0x00000000a3800000, 0x00000000e0700000)
  object space 36864K, 13% used [0x00000000a1400000,0x00000000a18c9458,0x00000000a3800000)
 Metaspace       used 27016K, capacity 27828K, committed 28032K, reserved 1073152K
  class space    used 3490K, capacity 3688K, committed 3712K, reserved 1048576K
Event: 8.639 GC heap after
Heap after GC invocations=8 (full 1):
 PSYoungGen      total 55808K, used 7277K [0x00000000e0700000, 0x00000000e6e80000, 0x0000000100000000)
  eden space 46592K, 0% used [0x00000000e0700000,0x00000000e0700000,0x00000000e3480000)
  from space 9216K, 78% used [0x00000000e3480000,0x00000000e3b9b5a8,0x00000000e3d80000)
  to   space 9216K, 0% used [0x00000000e6580000,0x00000000e6580000,0x00000000e6e80000)
 ParOldGen       total 36864K, used 4909K [0x00000000a1400000, 0x00000000a3800000, 0x00000000e0700000)
  object space 36864K, 13% used [0x00000000a1400000,0x00000000a18cb458,0x00000000a3800000)
 Metaspace       used 27016K, capacity 27828K, committed 28032K, reserved 1073152K
  class space    used 3490K, capacity 3688K, committed 3712K, reserved 1048576K
}
Event: 11.511 GC heap before
{Heap before GC invocations=9 (full 1):
 PSYoungGen      total 55808K, used 53869K [0x00000000e0700000, 0x00000000e6e80000, 0x0000000100000000)
  eden space 46592K, 100% used [0x00000000e0700000,0x00000000e3480000,0x00000000e3480000)
  from space 9216K, 78% used [0x00000000e3480000,0x00000000e3b9b5a8,0x00000000e3d80000)
  to   space 9216K, 0% used [0x00000000e6580000,0x00000000e6580000,0x00000000e6e80000)
 ParOldGen       total 36864K, used 4909K [0x00000000a1400000, 0x00000000a3800000, 0x00000000e0700000)
  object space 36864K, 13% used [0x00000000a1400000,0x00000000a18cb458,0x00000000a3800000)
 Metaspace       used 31843K, capacity 33130K, committed 33408K, reserved 1079296K
  class space    used 4104K, capacity 4391K, committed 4480K, reserved 1048576K
Event: 11.526 GC heap after
Heap after GC invocations=9 (full 1):
 PSYoungGen      total 95232K, used 9202K [0x00000000e0700000, 0x00000000e7000000, 0x0000000100000000)
  eden space 86016K, 0% used [0x00000000e0700000,0x00000000e0700000,0x00000000e5b00000)
  from space 9216K, 99% used [0x00000000e6580000,0x00000000e6e7c858,0x00000000e6e80000)
  to   space 10752K, 0% used [0x00000000e5b00000,0x00000000e5b00000,0x00000000e6580000)
 ParOldGen       total 36864K, used 5861K [0x00000000a1400000, 0x00000000a3800000, 0x00000000e0700000)
  object space 36864K, 15% used [0x00000000a1400000,0x00000000a19b9698,0x00000000a3800000)
 Metaspace       used 31843K, capacity 33130K, committed 33408K, reserved 1079296K
  class space    used 4104K, capacity 4391K, committed 4480K, reserved 1048576K
}
Event: 12.267 GC heap before
{Heap before GC invocations=10 (full 1):
 PSYoungGen      total 95232K, used 31295K [0x00000000e0700000, 0x00000000e7000000, 0x0000000100000000)
  eden space 86016K, 25% used [0x00000000e0700000,0x00000000e1c93688,0x00000000e5b00000)
  from space 9216K, 99% used [0x00000000e6580000,0x00000000e6e7c858,0x00000000e6e80000)
  to   space 10752K, 0% used [0x00000000e5b00000,0x00000000e5b00000,0x00000000e6580000)
 ParOldGen       total 36864K, used 5861K [0x00000000a1400000, 0x00000000a3800000, 0x00000000e0700000)
  object space 36864K, 15% used [0x00000000a1400000,0x00000000a19b9698,0x00000000a3800000)
 Metaspace       used 34006K, capacity 35284K, committed 35416K, reserved 1079296K
  class space    used 4366K, capacity 4628K, committed 4696K, reserved 1048576K
Event: 12.281 GC heap after
Heap after GC invocations=10 (full 1):
 PSYoungGen      total 96768K, used 8297K [0x00000000e0700000, 0x00000000e9a80000, 0x0000000100000000)
  eden space 86016K, 0% used [0x00000000e0700000,0x00000000e0700000,0x00000000e5b00000)
  from space 10752K, 77% used [0x00000000e5b00000,0x00000000e631a598,0x00000000e6580000)
  to   space 11264K, 0% used [0x00000000e8f80000,0x00000000e8f80000,0x00000000e9a80000)
 ParOldGen       total 36864K, used 7018K [0x00000000a1400000, 0x00000000a3800000, 0x00000000e0700000)
  object space 36864K, 19% used [0x00000000a1400000,0x00000000a1adaa90,0x00000000a3800000)
 Metaspace       used 34006K, capacity 35284K, committed 35416K, reserved 1079296K
  class space    used 4366K, capacity 4628K, committed 4696K, reserved 1048576K
}
Event: 12.281 GC heap before
{Heap before GC invocations=11 (full 2):
 PSYoungGen      total 96768K, used 8297K [0x00000000e0700000, 0x00000000e9a80000, 0x0000000100000000)
  eden space 86016K, 0% used [0x00000000e0700000,0x00000000e0700000,0x00000000e5b00000)
  from space 10752K, 77% used [0x00000000e5b00000,0x00000000e631a598,0x00000000e6580000)
  to   space 11264K, 0% used [0x00000000e8f80000,0x00000000e8f80000,0x00000000e9a80000)
 ParOldGen       total 36864K, used 7018K [0x00000000a1400000, 0x00000000a3800000, 0x00000000e0700000)
  object space 36864K, 19% used [0x00000000a1400000,0x00000000a1adaa90,0x00000000a3800000)
 Metaspace       used 34006K, capacity 35284K, committed 35416K, reserved 1079296K
  class space    used 4366K, capacity 4628K, committed 4696K, reserved 1048576K
Event: 12.374 GC heap after
Heap after GC invocations=11 (full 2):
 PSYoungGen      total 96768K, used 0K [0x00000000e0700000, 0x00000000e9a80000, 0x0000000100000000)
  eden space 86016K, 0% used [0x00000000e0700000,0x00000000e0700000,0x00000000e5b00000)
  from space 10752K, 0% used [0x00000000e5b00000,0x00000000e5b00000,0x00000000e6580000)
  to   space 11264K, 0% used [0x00000000e8f80000,0x00000000e8f80000,0x00000000e9a80000)
 ParOldGen       total 52224K, used 13871K [0x00000000a1400000, 0x00000000a4700000, 0x00000000e0700000)
  object space 52224K, 26% used [0x00000000a1400000,0x00000000a218bd08,0x00000000a4700000)
 Metaspace       used 34006K, capacity 35284K, committed 35416K, reserved 1079296K
  class space    used 4366K, capacity 4628K, committed 4696K, reserved 1048576K
}
Event: 13.812 GC heap before
{Heap before GC invocations=12 (full 2):
 PSYoungGen      total 96768K, used 86016K [0x00000000e0700000, 0x00000000e9a80000, 0x0000000100000000)
  eden space 86016K, 100% used [0x00000000e0700000,0x00000000e5b00000,0x00000000e5b00000)
  from space 10752K, 0% used [0x00000000e5b00000,0x00000000e5b00000,0x00000000e6580000)
  to   space 11264K, 0% used [0x00000000e8f80000,0x00000000e8f80000,0x00000000e9a80000)
 ParOldGen       total 52224K, used 13871K [0x00000000a1400000, 0x00000000a4700000, 0x00000000e0700000)
  object space 52224K, 26% used [0x00000000a1400000,0x00000000a218bd08,0x00000000a4700000)
 Metaspace       used 38392K, capacity 39954K, committed 40152K, reserved 1083392K
  class space    used 4938K, capacity 5211K, committed 5336K, reserved 1048576K
Event: 13.827 GC heap after
Heap after GC invocations=12 (full 2):
 PSYoungGen      total 130048K, used 6171K [0x00000000e0700000, 0x00000000e9600000, 0x0000000100000000)
  eden space 123392K, 0% used [0x00000000e0700000,0x00000000e0700000,0x00000000e7f80000)
  from space 6656K, 92% used [0x00000000e8f80000,0x00000000e9586cc0,0x00000000e9600000)
  to   space 10752K, 0% used [0x00000000e8100000,0x00000000e8100000,0x00000000e8b80000)
 ParOldGen       total 52224K, used 13879K [0x00000000a1400000, 0x00000000a4700000, 0x00000000e0700000)
  object space 52224K, 26% used [0x00000000a1400000,0x00000000a218dd08,0x00000000a4700000)
 Metaspace       used 38392K, capacity 39954K, committed 40152K, reserved 1083392K
  class space    used 4938K, capacity 5211K, committed 5336K, reserved 1048576K
}

